<?xml version="1.0" encoding="UTF-8" ?>
<testsuite tests="7" failures="0" name="AllOperationsTest" time="0.031" errors="0" skipped="0">
  <properties>
[...]
</properties>
  <testcase classname="DivisionTest" name="divisionTest()" time="0.031"/>
  <testcase classname="AddOperationTest" name="addTest()" time="0"/>
  <testcase classname="SubtractOperationTest" name="subtractTest()" time="0"/>
  <testcase classname="DerivationTest" name="derivationTest()" time="0"/>
  <testcase classname="ModuloTest" name="moduloTest()" time="0"/>
  <testcase classname="IntegrationTest" name="integrationTest()" time="0"/>
  <testcase classname="MultiplicationTest" name="multiplyTest()" time="0"/>
</testsuite>